<?xml version="1.0" encoding="utf-8"?><testsuites name="pytest tests"><testsuite name="pytest" errors="0" failures="0" skipped="0" tests="9" time="9.229" timestamp="2026-07-14T19:23:58.496150+00:00" hostname="agent-env-953c4a42-0c2d-4473-9d11-3bfb52ad092b"><testcase classname="tests.backend_test.TestBasics" name="test_topics_endpoint" time="2.298" /><testcase classname="tests.backend_test.TestBasics" name="test_topic_exercises" time="0.100" /><testcase classname="tests.backend_test.TestPriorFeatures" name="test_summary_endpoint" time="2.509" /><testcase classname="tests.backend_test.TestBasics" name="test_progress_endpoint" time="0.157" /><testcase classname="tests.backend_test.TestPriorFeatures" name="test_submit_mcq_answer" time="0.187" /><testcase classname="tests.backend_test.TestOpenAnswersGrade" name="test_grade_returns_structured_json" time="6.091" /><testcase classname="tests.backend_test.TestPriorFeatures" name="test_save_open_answer" time="0.230" /><testcase classname="tests.backend_test.TestPriorFeatures" name="test_revision_endpoint" time="0.084" /><testcase classname="tests.backend_test.TestOpenAnswersGrade" name="test_grade_missing_exercise" time="0.135" /></testsuite></testsuites>